running egg_info
creating build/adam/adam.egg-info
writing build/adam/adam.egg-info/PKG-INFO
writing dependency_links to build/adam/adam.egg-info/dependency_links.txt
writing entry points to build/adam/adam.egg-info/entry_points.txt
writing requirements to build/adam/adam.egg-info/requires.txt
writing top-level names to build/adam/adam.egg-info/top_level.txt
writing manifest file 'build/adam/adam.egg-info/SOURCES.txt'
reading manifest file 'build/adam/adam.egg-info/SOURCES.txt'
writing manifest file 'build/adam/adam.egg-info/SOURCES.txt'
running build
running build_py
creating /home/oluwaniyi/ros2_ws/src/adam/build/adam/build
creating /home/oluwaniyi/ros2_ws/src/adam/build/adam/build/lib
creating /home/oluwaniyi/ros2_ws/src/adam/build/adam/build/lib/adam
copying adam/__init__.py -> /home/oluwaniyi/ros2_ws/src/adam/build/adam/build/lib/adam
copying adam/voice_control1.py -> /home/oluwaniyi/ros2_ws/src/adam/build/adam/build/lib/adam
copying adam/voice_turtlesim.py -> /home/oluwaniyi/ros2_ws/src/adam/build/adam/build/lib/adam
copying adam/adam_control_node.py -> /home/oluwaniyi/ros2_ws/src/adam/build/adam/build/lib/adam
copying adam/voice_test.py -> /home/oluwaniyi/ros2_ws/src/adam/build/adam/build/lib/adam
copying adam/robot_controller1.py -> /home/oluwaniyi/ros2_ws/src/adam/build/adam/build/lib/adam
copying adam/voice_test1.py -> /home/oluwaniyi/ros2_ws/src/adam/build/adam/build/lib/adam
running install
running install_lib
creating /home/oluwaniyi/ros2_ws/src/adam/install/adam/lib/python3.10/site-packages/adam
copying /home/oluwaniyi/ros2_ws/src/adam/build/adam/build/lib/adam/__init__.py -> /home/oluwaniyi/ros2_ws/src/adam/install/adam/lib/python3.10/site-packages/adam
copying /home/oluwaniyi/ros2_ws/src/adam/build/adam/build/lib/adam/voice_control1.py -> /home/oluwaniyi/ros2_ws/src/adam/install/adam/lib/python3.10/site-packages/adam
copying /home/oluwaniyi/ros2_ws/src/adam/build/adam/build/lib/adam/voice_turtlesim.py -> /home/oluwaniyi/ros2_ws/src/adam/install/adam/lib/python3.10/site-packages/adam
copying /home/oluwaniyi/ros2_ws/src/adam/build/adam/build/lib/adam/adam_control_node.py -> /home/oluwaniyi/ros2_ws/src/adam/install/adam/lib/python3.10/site-packages/adam
copying /home/oluwaniyi/ros2_ws/src/adam/build/adam/build/lib/adam/voice_test.py -> /home/oluwaniyi/ros2_ws/src/adam/install/adam/lib/python3.10/site-packages/adam
copying /home/oluwaniyi/ros2_ws/src/adam/build/adam/build/lib/adam/robot_controller1.py -> /home/oluwaniyi/ros2_ws/src/adam/install/adam/lib/python3.10/site-packages/adam
copying /home/oluwaniyi/ros2_ws/src/adam/build/adam/build/lib/adam/voice_test1.py -> /home/oluwaniyi/ros2_ws/src/adam/install/adam/lib/python3.10/site-packages/adam
byte-compiling /home/oluwaniyi/ros2_ws/src/adam/install/adam/lib/python3.10/site-packages/adam/__init__.py to __init__.cpython-310.pyc
byte-compiling /home/oluwaniyi/ros2_ws/src/adam/install/adam/lib/python3.10/site-packages/adam/voice_control1.py to voice_control1.cpython-310.pyc
byte-compiling /home/oluwaniyi/ros2_ws/src/adam/install/adam/lib/python3.10/site-packages/adam/voice_turtlesim.py to voice_turtlesim.cpython-310.pyc
byte-compiling /home/oluwaniyi/ros2_ws/src/adam/install/adam/lib/python3.10/site-packages/adam/adam_control_node.py to adam_control_node.cpython-310.pyc
byte-compiling /home/oluwaniyi/ros2_ws/src/adam/install/adam/lib/python3.10/site-packages/adam/voice_test.py to voice_test.cpython-310.pyc
byte-compiling /home/oluwaniyi/ros2_ws/src/adam/install/adam/lib/python3.10/site-packages/adam/robot_controller1.py to robot_controller1.cpython-310.pyc
byte-compiling /home/oluwaniyi/ros2_ws/src/adam/install/adam/lib/python3.10/site-packages/adam/voice_test1.py to voice_test1.cpython-310.pyc
running install_data
creating /home/oluwaniyi/ros2_ws/src/adam/install/adam/share/ament_index
creating /home/oluwaniyi/ros2_ws/src/adam/install/adam/share/ament_index/resource_index
creating /home/oluwaniyi/ros2_ws/src/adam/install/adam/share/ament_index/resource_index/packages
copying resource/adam -> /home/oluwaniyi/ros2_ws/src/adam/install/adam/share/ament_index/resource_index/packages
copying package.xml -> /home/oluwaniyi/ros2_ws/src/adam/install/adam/share/adam
running install_egg_info
Copying build/adam/adam.egg-info to /home/oluwaniyi/ros2_ws/src/adam/install/adam/lib/python3.10/site-packages/adam-0.0.0-py3.10.egg-info
running install_scripts
Installing adam_control_node script to /home/oluwaniyi/ros2_ws/src/adam/install/adam/lib/adam
Installing robot_controller1 script to /home/oluwaniyi/ros2_ws/src/adam/install/adam/lib/adam
Installing voice_control1 script to /home/oluwaniyi/ros2_ws/src/adam/install/adam/lib/adam
Installing voice_turtlesim script to /home/oluwaniyi/ros2_ws/src/adam/install/adam/lib/adam
writing list of installed files to '/home/oluwaniyi/ros2_ws/src/adam/build/adam/install.log'
