running egg_info
writing build/adam/adam.egg-info/PKG-INFO
writing dependency_links to build/adam/adam.egg-info/dependency_links.txt
writing entry points to build/adam/adam.egg-info/entry_points.txt
writing requirements to build/adam/adam.egg-info/requires.txt
writing top-level names to build/adam/adam.egg-info/top_level.txt
reading manifest file 'build/adam/adam.egg-info/SOURCES.txt'
writing manifest file 'build/adam/adam.egg-info/SOURCES.txt'
running build
running build_py
running install
running install_lib
running install_data
running install_egg_info
removing '/home/oluwaniyi/ros2_ws/src/adam/install/adam/lib/python3.10/site-packages/adam-0.0.0-py3.10.egg-info' (and everything under it)
Copying build/adam/adam.egg-info to /home/oluwaniyi/ros2_ws/src/adam/install/adam/lib/python3.10/site-packages/adam-0.0.0-py3.10.egg-info
running install_scripts
Installing adam_control_node script to /home/oluwaniyi/ros2_ws/src/adam/install/adam/lib/adam
Installing robot_controller1 script to /home/oluwaniyi/ros2_ws/src/adam/install/adam/lib/adam
Installing voice_control1 script to /home/oluwaniyi/ros2_ws/src/adam/install/adam/lib/adam
Installing voice_turtlesim script to /home/oluwaniyi/ros2_ws/src/adam/install/adam/lib/adam
writing list of installed files to '/home/oluwaniyi/ros2_ws/src/adam/build/adam/install.log'
