[0.915s] Invoking command in '/home/oluwaniyi/ros2_ws/src/adam': PS1=\[\e]0;\u@\h: \w\a\]${debian_chroot:+($debian_chroot)}\[\033[01;32m\]\u@\h\[\033[00m\]:\[\033[01;34m\]\w\[\033[00m\]\$ PYTHONPATH=/home/oluwaniyi/ros2_ws/src/adam/build/adam/prefix_override:/usr/lib/python3/dist-packages/colcon_core/task/python/colcon_distutils_commands:/home/oluwaniyi/ros2_ws/src/adam/install/adam/lib/python3.10/site-packages:${PYTHONPATH} VIRTUAL_ENV_PROMPT=(adam_venv) /usr/bin/python3 -W ignore:setup.py install is deprecated -W ignore:easy_install command is deprecated setup.py egg_info --egg-base build/adam build --build-base /home/oluwaniyi/ros2_ws/src/adam/build/adam/build install --record /home/oluwaniyi/ros2_ws/src/adam/build/adam/install.log --single-version-externally-managed install_data
[1.209s] running egg_info
[1.209s] writing build/adam/adam.egg-info/PKG-INFO
[1.210s] writing dependency_links to build/adam/adam.egg-info/dependency_links.txt
[1.210s] writing entry points to build/adam/adam.egg-info/entry_points.txt
[1.211s] writing requirements to build/adam/adam.egg-info/requires.txt
[1.211s] writing top-level names to build/adam/adam.egg-info/top_level.txt
[1.239s] reading manifest file 'build/adam/adam.egg-info/SOURCES.txt'
[1.239s] writing manifest file 'build/adam/adam.egg-info/SOURCES.txt'
[1.239s] running build
[1.239s] running build_py
[1.240s] running install
[1.241s] running install_lib
[1.242s] running install_data
[1.243s] running install_egg_info
[1.245s] removing '/home/oluwaniyi/ros2_ws/src/adam/install/adam/lib/python3.10/site-packages/adam-0.0.0-py3.10.egg-info' (and everything under it)
[1.245s] Copying build/adam/adam.egg-info to /home/oluwaniyi/ros2_ws/src/adam/install/adam/lib/python3.10/site-packages/adam-0.0.0-py3.10.egg-info
[1.248s] running install_scripts
[1.266s] Installing adam_control_node script to /home/oluwaniyi/ros2_ws/src/adam/install/adam/lib/adam
[1.266s] Installing robot_controller1 script to /home/oluwaniyi/ros2_ws/src/adam/install/adam/lib/adam
[1.266s] Installing voice_control1 script to /home/oluwaniyi/ros2_ws/src/adam/install/adam/lib/adam
[1.267s] Installing voice_turtlesim script to /home/oluwaniyi/ros2_ws/src/adam/install/adam/lib/adam
[1.268s] writing list of installed files to '/home/oluwaniyi/ros2_ws/src/adam/build/adam/install.log'
[1.284s] Invoked command in '/home/oluwaniyi/ros2_ws/src/adam' returned '0': PS1=\[\e]0;\u@\h: \w\a\]${debian_chroot:+($debian_chroot)}\[\033[01;32m\]\u@\h\[\033[00m\]:\[\033[01;34m\]\w\[\033[00m\]\$ PYTHONPATH=/home/oluwaniyi/ros2_ws/src/adam/build/adam/prefix_override:/usr/lib/python3/dist-packages/colcon_core/task/python/colcon_distutils_commands:/home/oluwaniyi/ros2_ws/src/adam/install/adam/lib/python3.10/site-packages:${PYTHONPATH} VIRTUAL_ENV_PROMPT=(adam_venv) /usr/bin/python3 -W ignore:setup.py install is deprecated -W ignore:easy_install command is deprecated setup.py egg_info --egg-base build/adam build --build-base /home/oluwaniyi/ros2_ws/src/adam/build/adam/build install --record /home/oluwaniyi/ros2_ws/src/adam/build/adam/install.log --single-version-externally-managed install_data
