/home/oluwaniyi/ros2_ws/src/adam/install/adam/lib/python3.10/site-packages/adam/__init__.py
/home/oluwaniyi/ros2_ws/src/adam/install/adam/lib/python3.10/site-packages/adam/voice_control1.py
/home/oluwaniyi/ros2_ws/src/adam/install/adam/lib/python3.10/site-packages/adam/voice_turtlesim.py
/home/oluwaniyi/ros2_ws/src/adam/install/adam/lib/python3.10/site-packages/adam/adam_control_node.py
/home/oluwaniyi/ros2_ws/src/adam/install/adam/lib/python3.10/site-packages/adam/voice_test.py
/home/oluwaniyi/ros2_ws/src/adam/install/adam/lib/python3.10/site-packages/adam/robot_controller1.py
/home/oluwaniyi/ros2_ws/src/adam/install/adam/lib/python3.10/site-packages/adam/voice_test1.py
/home/oluwaniyi/ros2_ws/src/adam/install/adam/lib/python3.10/site-packages/adam/__pycache__/__init__.cpython-310.pyc
/home/oluwaniyi/ros2_ws/src/adam/install/adam/lib/python3.10/site-packages/adam/__pycache__/voice_control1.cpython-310.pyc
/home/oluwaniyi/ros2_ws/src/adam/install/adam/lib/python3.10/site-packages/adam/__pycache__/voice_turtlesim.cpython-310.pyc
/home/oluwaniyi/ros2_ws/src/adam/install/adam/lib/python3.10/site-packages/adam/__pycache__/adam_control_node.cpython-310.pyc
/home/oluwaniyi/ros2_ws/src/adam/install/adam/lib/python3.10/site-packages/adam/__pycache__/voice_test.cpython-310.pyc
/home/oluwaniyi/ros2_ws/src/adam/install/adam/lib/python3.10/site-packages/adam/__pycache__/robot_controller1.cpython-310.pyc
/home/oluwaniyi/ros2_ws/src/adam/install/adam/lib/python3.10/site-packages/adam/__pycache__/voice_test1.cpython-310.pyc
/home/oluwaniyi/ros2_ws/src/adam/install/adam/share/ament_index/resource_index/packages/adam
/home/oluwaniyi/ros2_ws/src/adam/install/adam/share/adam/package.xml
/home/oluwaniyi/ros2_ws/src/adam/install/adam/lib/python3.10/site-packages/adam-0.0.0-py3.10.egg-info/top_level.txt
/home/oluwaniyi/ros2_ws/src/adam/install/adam/lib/python3.10/site-packages/adam-0.0.0-py3.10.egg-info/dependency_links.txt
/home/oluwaniyi/ros2_ws/src/adam/install/adam/lib/python3.10/site-packages/adam-0.0.0-py3.10.egg-info/PKG-INFO
/home/oluwaniyi/ros2_ws/src/adam/install/adam/lib/python3.10/site-packages/adam-0.0.0-py3.10.egg-info/zip-safe
/home/oluwaniyi/ros2_ws/src/adam/install/adam/lib/python3.10/site-packages/adam-0.0.0-py3.10.egg-info/SOURCES.txt
/home/oluwaniyi/ros2_ws/src/adam/install/adam/lib/python3.10/site-packages/adam-0.0.0-py3.10.egg-info/requires.txt
/home/oluwaniyi/ros2_ws/src/adam/install/adam/lib/python3.10/site-packages/adam-0.0.0-py3.10.egg-info/entry_points.txt
/home/oluwaniyi/ros2_ws/src/adam/install/adam/lib/adam/adam_control_node
/home/oluwaniyi/ros2_ws/src/adam/install/adam/lib/adam/robot_controller1
/home/oluwaniyi/ros2_ws/src/adam/install/adam/lib/adam/voice_control1
/home/oluwaniyi/ros2_ws/src/adam/install/adam/lib/adam/voice_turtlesim
